# JRE version: OpenJDK Runtime Environment (25.0.1+8) (build 25.0.1+8-27)
# Java VM: OpenJDK 64-Bit Server VM (25.0.1+8-27, mixed mode, sharing, tiered, compressed oops, compressed class ptrs, g1 gc, windows-amd64)
GC Precious Log:
 CardTable entry size: 512
 Card Set container configuration: InlinePtr #cards 5 size 8 Array Of Cards #cards 10 size 36 Howl #buckets 4 coarsen threshold 1843 Howl Bitmap #cards 512 size 80 coarsen threshold 460 Card regions per heap region 1 cards per card region 2048
 CPUs: 12 total, 12 available
 Memory: 7812M
 Large Page Support: Disabled
 NUMA Support: Disabled
 Compressed Oops: Enabled (32-bit)
 Heap Region Size: 1M
 Heap Min Capacity: 8M
 Heap Initial Capacity: 124M
 Heap Max Capacity: 1954M
 Pre-touch: Disabled
 Parallel Workers: 10
 Concurrent Workers: 3
 Concurrent Refinement Workers: 10
 Periodic GC: Disabled
Heap:
 garbage-first heap   total reserved 2000896K, committed 71680K, used 40852K [0x0000000085e00000, 0x0000000100000000)
  region size 1024K, 13 young (13312K), 3 survivors (3072K)
GC Heap Usage History (12 events):
Event: 1.468 {heap Before GC invocations=0 (full 0):
 garbage-first heap   total reserved 2000896K, committed 129024K, used 55443K [0x0000000085e00000, 0x0000000100000000)
  region size 1024K, 47 young (48128K), 0 survivors (0K)
}
Event: 1.475 {heap After GC invocations=1 (full 0):
 garbage-first heap   total reserved 2000896K, committed 129024K, used 16202K [0x0000000085e00000, 0x0000000100000000)
  region size 1024K, 6 young (6144K), 6 survivors (6144K)
}
Event: 2.002 {heap Before GC invocations=1 (full 0):
 garbage-first heap   total reserved 2000896K, committed 129024K, used 51018K [0x0000000085e00000, 0x0000000100000000)
  region size 1024K, 42 young (43008K), 6 survivors (6144K)
}
Event: 2.009 {heap After GC invocations=2 (full 0):
 garbage-first heap   total reserved 2000896K, committed 129024K, used 20627K [0x0000000085e00000, 0x0000000100000000)
  region size 1024K, 4 young (4096K), 4 survivors (4096K)
}
Event: 2.451 {heap Before GC invocations=3 (full 0):
 garbage-first heap   total reserved 2000896K, committed 71680K, used 58515K [0x0000000085e00000, 0x0000000100000000)
  region size 1024K, 42 young (43008K), 4 survivors (4096K)
}
Event: 2.458 {heap After GC invocations=4 (full 0):
 garbage-first heap   total reserved 2000896K, committed 71680K, used 26085K [0x0000000085e00000, 0x0000000100000000)
  region size 1024K, 6 young (6144K), 6 survivors (6144K)
}
Event: 3.059 {heap Before GC invocations=4 (full 0):
 garbage-first heap   total reserved 2000896K, committed 71680K, used 52709K [0x0000000085e00000, 0x0000000100000000)
  region size 1024K, 32 young (32768K), 6 survivors (6144K)
}
Event: 3.066 {heap After GC invocations=5 (full 0):
 garbage-first heap   total reserved 2000896K, committed 71680K, used 29612K [0x0000000085e00000, 0x0000000100000000)
  region size 1024K, 4 young (4096K), 4 survivors (4096K)
}
Event: 3.753 {heap Before GC invocations=5 (full 0):
 garbage-first heap   total reserved 2000896K, committed 71680K, used 56236K [0x0000000085e00000, 0x0000000100000000)
  region size 1024K, 30 young (30720K), 4 survivors (4096K)
}
Event: 3.759 {heap After GC invocations=6 (full 0):
 garbage-first heap   total reserved 2000896K, committed 71680K, used 31186K [0x0000000085e00000, 0x0000000100000000)
  region size 1024K, 2 young (2048K), 2 survivors (2048K)
}
Event: 3.933 {heap Before GC invocations=6 (full 0):
 garbage-first heap   total reserved 2000896K, committed 71680K, used 38354K [0x0000000085e00000, 0x0000000100000000)
  region size 1024K, 10 young (10240K), 2 survivors (2048K)
}
Event: 3.937 {heap After GC invocations=7 (full 0):
 garbage-first heap   total reserved 2000896K, committed 71680K, used 31636K [0x0000000085e00000, 0x0000000100000000)
  region size 1024K, 3 young (3072K), 3 survivors (3072K)
}

